

Version:	3.8
CmdLine:	C:\Users\Adebiyi Oluwatobi\Desktop\BankAccountApp\out\artifacts\BankAccountApp_jar\BankAccount.exe --l4j-debug
WOW64:		yes
Working dir:	C:\Users\Adebiyi Oluwatobi\Desktop\BankAccountApp\out\artifacts\BankAccountApp_jar\.
64-bit search:	SOFTWARE\JavaSoft\Java Runtime Environment...
32-bit search:	SOFTWARE\JavaSoft\Java Runtime Environment...
Check:		SOFTWARE\JavaSoft\Java Runtime Environment\1.8
Check launcher:	C:\Program Files (x86)\Java\jre1.8.0_51\bin\javaw.exe (OK)
Match:		1.8
Check:		SOFTWARE\JavaSoft\Java Runtime Environment\1.8.0_51
Check launcher:	C:\Program Files (x86)\Java\jre1.8.0_51\bin\javaw.exe (OK)
Match:		1.8.0_51
64-bit search:	SOFTWARE\JavaSoft\Java Development Kit...
Check:		SOFTWARE\JavaSoft\Java Development Kit\1.8
Ignore:		1.8
Check:		SOFTWARE\JavaSoft\Java Development Kit\1.8.0_25
Ignore:		1.8.0_25
32-bit search:	SOFTWARE\JavaSoft\Java Development Kit...
Check:		SOFTWARE\JavaSoft\Java Development Kit\1.7
Ignore:		1.7
Check:		SOFTWARE\JavaSoft\Java Development Kit\1.7.0_71
Ignore:		1.7.0_71
Runtime used:	1.8.0_51 (32-bit)
Launcher:	C:\Program Files (x86)\Java\jre1.8.0_51\bin\javaw.exe
Launcher args:	-jar "C:\Users\Adebiyi Oluwatobi\Desktop\BankAccountApp\out\artifacts\BankAccountApp_jar\BankAccount.exe"
Args length:	105/32768 chars
Exit code:	0


Version:	3.8
CmdLine:	C:\Users\Adebiyi Oluwatobi\Desktop\BankAccountApp\out\artifacts\BankAccountApp_jar\BankAccount.exe --l4j-debug
WOW64:		yes
Working dir:	C:\Users\Adebiyi Oluwatobi\Desktop\BankAccountApp\out\artifacts\BankAccountApp_jar\.
64-bit search:	SOFTWARE\JavaSoft\Java Runtime Environment...
32-bit search:	SOFTWARE\JavaSoft\Java Runtime Environment...
Check:		SOFTWARE\JavaSoft\Java Runtime Environment\1.8
Check launcher:	C:\Program Files (x86)\Java\jre1.8.0_51\bin\javaw.exe (OK)
Match:		1.8
Check:		SOFTWARE\JavaSoft\Java Runtime Environment\1.8.0_51
Check launcher:	C:\Program Files (x86)\Java\jre1.8.0_51\bin\javaw.exe (OK)
Match:		1.8.0_51
64-bit search:	SOFTWARE\JavaSoft\Java Development Kit...
Check:		SOFTWARE\JavaSoft\Java Development Kit\1.8
Ignore:		1.8
Check:		SOFTWARE\JavaSoft\Java Development Kit\1.8.0_25
Ignore:		1.8.0_25
32-bit search:	SOFTWARE\JavaSoft\Java Development Kit...
Check:		SOFTWARE\JavaSoft\Java Development Kit\1.7
Ignore:		1.7
Check:		SOFTWARE\JavaSoft\Java Development Kit\1.7.0_71
Ignore:		1.7.0_71
Runtime used:	1.8.0_51 (32-bit)
Launcher:	C:\Program Files (x86)\Java\jre1.8.0_51\bin\javaw.exe
Launcher args:	-jar "C:\Users\Adebiyi Oluwatobi\Desktop\BankAccountApp\out\artifacts\BankAccountApp_jar\BankAccount.exe"
Args length:	105/32768 chars
Exit code:	0
